<?xml version="1.0" encoding="UTF-8"?>
<!-- Generated by org.testng.reporters.JUnitReportReporter -->
<testsuite hostname="DESKTOP-ODABQ8T" name="com.qa.testcases.AmazonTestCases" tests="3" failures="0" timestamp="19 Mar 2020 05:05:07 GMT" time="11.224" errors="0">
  <testcase name="searchForIphoneXrYellow" time="2.351" classname="com.qa.testcases.AmazonTestCases"/>
  <testcase name="openAmazonWeb" time="4.370" classname="com.qa.testcases.AmazonTestCases"/>
  <testcase name="getPriceOfIphoneXrYellow" time="4.503" classname="com.qa.testcases.AmazonTestCases"/>
</testsuite> <!-- com.qa.testcases.AmazonTestCases -->
