<?xml version="1.0" encoding="UTF-8"?>
<!-- Generated by org.testng.reporters.JUnitReportReporter -->
<testsuite hostname="DESKTOP-ODABQ8T" name="com.qa.testcases.TestCases" tests="3" failures="0" timestamp="18 Mar 2020 14:09:00 GMT" time="12.149" errors="0">
  <testcase name="searchForIphoneXrYellow" time="2.687" classname="com.qa.testcases.TestCases"/>
  <testcase name="openAmazonWeb" time="4.902" classname="com.qa.testcases.TestCases"/>
  <testcase name="getPriceOfIphoneXrYellow" time="4.560" classname="com.qa.testcases.TestCases"/>
</testsuite> <!-- com.qa.testcases.TestCases -->
