<?xml version="1.0" encoding="UTF-8"?>
<!-- Generated by org.testng.reporters.JUnitReportReporter -->
<testsuite hostname="DESKTOP-ODABQ8T" name="com.qa.testcases.FlipkartTestCases" tests="3" failures="0" timestamp="20 Mar 2020 10:45:50 GMT" time="10.551" errors="0">
  <testcase name="searchForIphoneXrYellow" time="0.773" classname="com.qa.testcases.FlipkartTestCases"/>
  <testcase name="openAmazonWeb" time="4.134" classname="com.qa.testcases.FlipkartTestCases"/>
  <testcase name="getPriceOfIphoneXrYellow" time="5.644" classname="com.qa.testcases.FlipkartTestCases"/>
</testsuite> <!-- com.qa.testcases.FlipkartTestCases -->
