<?xml version="1.0" encoding="UTF-8"?>
<!-- Generated by org.testng.reporters.JUnitReportReporter -->
<testsuite hostname="DESKTOP-ODABQ8T" name="com.qa.testcases.FlipkartTestCases" tests="3" failures="0" timestamp="19 Mar 2020 05:05:07 GMT" time="14.225" errors="0">
  <testcase name="searchForIphoneXrYellow" time="0.344" classname="com.qa.testcases.FlipkartTestCases"/>
  <testcase name="openAmazonWeb" time="6.875" classname="com.qa.testcases.FlipkartTestCases"/>
  <testcase name="getPriceOfIphoneXrYellow" time="7.006" classname="com.qa.testcases.FlipkartTestCases"/>
</testsuite> <!-- com.qa.testcases.FlipkartTestCases -->
