<?xml version="1.0" encoding="UTF-8"?>
<!-- Generated by org.testng.reporters.JUnitReportReporter -->
<testsuite hostname="DESKTOP-ODABQ8T" name="com.qa.testcases.PriceCopmareTestCase" tests="1" failures="0" timestamp="19 Mar 2020 05:05:07 GMT" time="0.002" errors="0">
  <testcase name="comparePrices" time="0.002" classname="com.qa.testcases.PriceCopmareTestCase"/>
</testsuite> <!-- com.qa.testcases.PriceCopmareTestCase -->
