<?xml version="1.0" encoding="UTF-8"?>
<!-- Generated by org.testng.reporters.JUnitReportReporter -->
<testsuite hostname="DESKTOP-ODABQ8T" name="com.qa.testcases.AmazonTestCases" tests="3" failures="0" timestamp="20 Mar 2020 10:45:50 GMT" time="70.827" errors="0">
  <testcase name="searchForIphoneXrYellow" time="3.780" classname="com.qa.testcases.AmazonTestCases"/>
  <testcase name="openAmazonWeb" time="61.790" classname="com.qa.testcases.AmazonTestCases"/>
  <testcase name="getPriceOfIphoneXrYellow" time="5.257" classname="com.qa.testcases.AmazonTestCases"/>
</testsuite> <!-- com.qa.testcases.AmazonTestCases -->
